#
# A fatal error has been detected by the Java Runtime Environment:
#
#  SIGSEGV (0xb) at pc=0x00007fff6cfd3d09, pid=3602, tid=0x000000000000db07
#
# JRE version: Java(TM) SE Runtime Environment (8.0_192-b12) (build 1.8.0_192-b12)
# Java VM: Java HotSpot(TM) 64-Bit Server VM (25.192-b12 mixed mode bsd-amd64 compressed oops)
# Problematic frame:
# C  [libsystem_platform.dylib+0x1d09]  _platform_memmove$VARIANT$Haswell+0x29
#
# Failed to write core dump. Core dumps have been disabled. To enable core dumping, try "ulimit -c unlimited" before starting Java again
#
# If you would like to submit a bug report, please visit:
#   http://bugreport.java.com/bugreport/crash.jsp
# The crash happened outside the Java Virtual Machine in native code.
# See problematic frame for where to report the bug.
#

---------------  T H R E A D  ---------------

Current thread (0x00007fc929227800):  JavaThread "LWJGL Application" [_thread_in_native, id=56071, stack(0x00007000102cd000,0x00007000103cd000)]

siginfo: si_signo: 11 (SIGSEGV), si_code: 1 (SEGV_MAPERR), si_addr: 0x0000000000000000

Registers:
RAX=0x0000000000000000, RBX=0x00007fc9293c96a0, RCX=0x0000000040000000, RDX=0x0000000040000000
RSP=0x00007000103cc0f0, RBP=0x00007000103cc0f0, RSI=0x0000000166d3d000, RDI=0x0000000000000000
R8 =0x0000000000000000, R9 =0x00007000103cbd60, R10=0x000000010349d07e, R11=0xfffffffe992c3000
R12=0x000000012813ce58, R13=0x000000000001b085, R14=0x0000000000005681, R15=0x0000000166d3d000
RIP=0x00007fff6cfd3d09, EFLAGS=0x0000000000010206, ERR=0x0000000000000006
  TRAPNO=0x000000000000000e

Top of Stack: (sp=0x00007000103cc0f0)
0x00007000103cc0f0:   00007000103cc120 000000011d676449
0x00007000103cc100:   0000000000000008 00007000103cc138
0x00007000103cc110:   000000012806c000 00007fc9293c96a0
0x00007000103cc120:   00007000103cc570 000000011d69006f
0x00007000103cc130:   00007000103cc138 000045e800001de8
0x00007000103cc140:   00005628000051e8 0000567c00005670
0x00007000103cc150:   000056810000567f 000056a500005685
0x00007000103cc160:   000057e5000056e5 00005de5000059e5
0x00007000103cc170:   00007000000066e1 00007000103cc588
0x00007000103cc180:   00007000103cc210 000000010281d300
0x00007000103cc190:   000070000000001f 00007fc929227800
0x00007000103cc1a0:   00000007c010e8a8 0000001f21ba3338
0x00007000103cc1b0:   00000007c010e8a8 0000000121ba5e88
0x00007000103cc1c0:   00007fc929227800 0000000121ba5e88
0x00007000103cc1d0:   00007000103cc260 00007fff374bf9b6
0x00007000103cc1e0:   00007000103cc320 00007fff374c045a
0x00007000103cc1f0:   0000000000010001 00013d8000000000
0x00007000103cc200:   0000000000000000 0000000000000000
0x00007000103cc210:   0000000000000000 0000000000000000
0x00007000103cc220:   0000000000000000 0000000000000000
0x00007000103cc230:   0000000000000000 0000000000000000
0x00007000103cc240:   0000000000000000 0000000000000000
0x00007000103cc250:   0000000000000000 0000000000200000
0x00007000103cc260:   00007000103cc2a0 00007fff374bf4c2
0x00007000103cc270:   0000000040004010 00007fc92925d030
0x00007000103cc280:   0700000000000000 430641083f08706f
0x00007000103cc290:   430641083f08706f 60fe7f003ffff0f7
0x00007000103cc2a0:   00007000103cc2f0 00007fff374bea81
0x00007000103cc2b0:   0000000000000002 0000000000000002
0x00007000103cc2c0:   0000000000000000 00000007977acfe0
0x00007000103cc2d0:   00007000103cc340 00000001027739ca
0x00007000103cc2e0:   00007000103cc340 00007fc929227800 

Instructions: (pc=0x00007fff6cfd3d09)
0x00007fff6cfd3ce9:   f3 48 89 f8 49 39 d3 72 1b 48 83 fa 60 76 2f 48
0x00007fff6cfd3cf9:   81 fa 00 40 00 00 0f 82 cb 00 00 00 48 89 d1 fc
0x00007fff6cfd3d09:   f3 a4 5d c3 48 39 fe 74 f9 48 01 d6 48 01 d7 48
0x00007fff6cfd3d19:   83 fa 60 0f 82 8c 01 00 00 e9 a9 01 00 00 48 83 

Register to memory mapping:

RAX=0x0000000000000000 is an unknown value
RBX=0x00007fc9293c96a0 is an unknown value
RCX=0x0000000040000000 is an unknown value
RDX=0x0000000040000000 is an unknown value
RSP=0x00007000103cc0f0 is pointing into the stack for thread: 0x00007fc929227800
RBP=0x00007000103cc0f0 is pointing into the stack for thread: 0x00007fc929227800
RSI=0x0000000166d3d000 is an unknown value
RDI=0x0000000000000000 is an unknown value
R8 =0x0000000000000000 is an unknown value
R9 =0x00007000103cbd60 is pointing into the stack for thread: 0x00007fc929227800
R10=0x000000010349d07e is an unknown value
R11=0xfffffffe992c3000 is an unknown value
R12=0x000000012813ce58 is an unknown value
R13=0x000000000001b085 is an unknown value
R14=0x0000000000005681 is an unknown value
R15=0x0000000166d3d000 is an unknown value


Stack: [0x00007000102cd000,0x00007000103cd000],  sp=0x00007000103cc0f0,  free space=1020k
Native frames: (J=compiled Java code, j=interpreted, Vv=VM code, C=native code)
C  [libsystem_platform.dylib+0x1d09]  _platform_memmove$VARIANT$Haswell+0x29
C  [libgdx-box2d64.dylib+0x3449]  b2BroadPhase::QueryCallback(int)+0x49
C  [libgdx-box2d64.dylib+0x1d06f]  void b2DynamicTree::Query<b2BroadPhase>(b2BroadPhase*, b2AABB const&) const+0x1af
C  [libgdx-box2d64.dylib+0x1cb4b]  void b2BroadPhase::UpdatePairs<b2ContactManager>(b2ContactManager*)+0x6b
C  [libgdx-box2d64.dylib+0x2099a]  b2World::Step(float, int, int)+0x3a
C  [libgdx-box2d64.dylib+0x250c4]  Java_com_badlogic_gdx_physics_box2d_World_jniStep+0x74
j  com.badlogic.gdx.physics.box2d.World.jniStep(JFII)V+0
j  com.badlogic.gdx.physics.box2d.World.step(FII)V+8
j  com.nameless.game.screens.Play.render(F)V+52
j  com.badlogic.gdx.Game.render()V+19
j  com.badlogic.gdx.backends.lwjgl.LwjglApplication.mainLoop()V+698
j  com.badlogic.gdx.backends.lwjgl.LwjglApplication$1.run()V+27
v  ~StubRoutines::call_stub
V  [libjvm.dylib+0x2f020a]  JavaCalls::call_helper(JavaValue*, methodHandle*, JavaCallArguments*, Thread*)+0x6ae
V  [libjvm.dylib+0x2f09ae]  JavaCalls::call_virtual(JavaValue*, KlassHandle, Symbol*, Symbol*, JavaCallArguments*, Thread*)+0x164
V  [libjvm.dylib+0x2f0b5a]  JavaCalls::call_virtual(JavaValue*, Handle, KlassHandle, Symbol*, Symbol*, Thread*)+0x4a
V  [libjvm.dylib+0x34b449]  thread_entry(JavaThread*, Thread*)+0x7c
V  [libjvm.dylib+0x570127]  JavaThread::thread_main_inner()+0x9b
V  [libjvm.dylib+0x571822]  JavaThread::run()+0x1c2
V  [libjvm.dylib+0x48e96a]  java_start(Thread*)+0xf6
C  [libsystem_pthread.dylib+0x333d]  _pthread_body+0x7e
C  [libsystem_pthread.dylib+0x62a7]  _pthread_start+0x46
C  [libsystem_pthread.dylib+0x2425]  thread_start+0xd
C  0x0000000000000000

Java frames: (J=compiled Java code, j=interpreted, Vv=VM code)
j  com.badlogic.gdx.physics.box2d.World.jniStep(JFII)V+0
j  com.badlogic.gdx.physics.box2d.World.step(FII)V+8
j  com.nameless.game.screens.Play.render(F)V+52
j  com.badlogic.gdx.Game.render()V+19
j  com.badlogic.gdx.backends.lwjgl.LwjglApplication.mainLoop()V+698
j  com.badlogic.gdx.backends.lwjgl.LwjglApplication$1.run()V+27
v  ~StubRoutines::call_stub

---------------  P R O C E S S  ---------------

Java Threads: ( => current thread )
  0x00007fc928180000 JavaThread "AWT-Shutdown" [_thread_blocked, id=39211, stack(0x000070000feb8000,0x000070000ffb8000)]
  0x00007fc9282ab000 JavaThread "Timer" daemon [_thread_in_Java, id=69635, stack(0x00007000104d3000,0x00007000105d3000)]
  0x00007fc928aa0000 JavaThread "AsynchExecutor-Thread" daemon [_thread_blocked, id=61459, stack(0x00007000103d0000,0x00007000104d0000)]
  0x00007fc929ac2000 JavaThread "DestroyJavaVM" [_thread_blocked, id=6403, stack(0x000070000ef08000,0x000070000f008000)]
=>0x00007fc929227800 JavaThread "LWJGL Application" [_thread_in_native, id=56071, stack(0x00007000102cd000,0x00007000103cd000)]
  0x00007fc92895d800 JavaThread "AppKit Thread" daemon [_thread_in_native, id=775, stack(0x00007ffeecfdd000,0x00007ffeed7dd000)]
  0x00007fc9290c1000 JavaThread "Service Thread" daemon [_thread_blocked, id=15875, stack(0x000070000fc2f000,0x000070000fd2f000)]
  0x00007fc928830000 JavaThread "C1 CompilerThread2" daemon [_thread_blocked, id=18947, stack(0x000070000fb2c000,0x000070000fc2c000)]
  0x00007fc92808f800 JavaThread "C2 CompilerThread1" daemon [_thread_blocked, id=15363, stack(0x000070000fa29000,0x000070000fb29000)]
  0x00007fc928055000 JavaThread "C2 CompilerThread0" daemon [_thread_blocked, id=15107, stack(0x000070000f926000,0x000070000fa26000)]
  0x00007fc9288e8000 JavaThread "Monitor Ctrl-Break" daemon [_thread_in_native, id=14595, stack(0x000070000f823000,0x000070000f923000)]
  0x00007fc928810000 JavaThread "Signal Dispatcher" daemon [_thread_blocked, id=14339, stack(0x000070000f720000,0x000070000f820000)]
  0x00007fc928820000 JavaThread "Finalizer" daemon [_thread_blocked, id=20995, stack(0x000070000f61d000,0x000070000f71d000)]
  0x00007fc92800d800 JavaThread "Reference Handler" daemon [_thread_blocked, id=12291, stack(0x000070000f51a000,0x000070000f61a000)]

Other Threads:
  0x00007fc92881f800 VMThread [stack: 0x000070000f417000,0x000070000f517000] [id=11779]
  0x00007fc928090800 WatcherThread [stack: 0x000070000fd32000,0x000070000fe32000] [id=16387]

VM state:not at safepoint (normal execution)

VM Mutex/Monitor currently owned by a thread: None

heap address: 0x0000000740000000, size: 2048 MB, Compressed Oops mode: Zero based, Oop shift amount: 3
Narrow klass base: 0x0000000000000000, Narrow klass shift: 3
Compressed class space size: 1073741824 Address: 0x00000007c0000000

Heap:
 PSYoungGen      total 71680K, used 44821K [0x0000000795580000, 0x000000079a080000, 0x00000007c0000000)
  eden space 66560K, 59% used [0x0000000795580000,0x0000000797c49270,0x0000000799680000)
  from space 5120K, 99% used [0x0000000799b80000,0x000000079a07c568,0x000000079a080000)
  to   space 5120K, 0% used [0x0000000799680000,0x0000000799680000,0x0000000799b80000)
 ParOldGen       total 161280K, used 149349K [0x0000000740000000, 0x0000000749d80000, 0x0000000795580000)
  object space 161280K, 92% used [0x0000000740000000,0x00000007491d9588,0x0000000749d80000)
 Metaspace       used 12376K, capacity 12549K, committed 12672K, reserved 1060864K
  class space    used 1261K, capacity 1337K, committed 1408K, reserved 1048576K

Card table byte_map: [0x00000001041c0000,0x00000001045c1000] byte_map_base: 0x00000001007c0000

Marking Bits: (ParMarkBitMap*) 0x0000000102d48e40
 Begin Bits: [0x000000010486c000, 0x000000010686c000)
 End Bits:   [0x000000010686c000, 0x000000010886c000)

Polling page: 0x0000000103448000

CodeCache: size=245760Kb used=5680Kb max_used=5696Kb free=240079Kb
 bounds [0x000000010c57e000, 0x000000010cb1e000, 0x000000011b57e000]
 total_blobs=2213 nmethods=1693 adapters=433
 compilation: enabled

Compilation events (10 events):
Event: 8.172 Thread 0x00007fc928830000 1690       3       java.nio.Bits::long5 (7 bytes)
Event: 8.172 Thread 0x00007fc928830000 nmethod 1690 0x000000010cafe850 code [0x000000010cafe9a0, 0x000000010cafeaf0]
Event: 8.172 Thread 0x00007fc928830000 1691       3       java.nio.Bits::long4 (7 bytes)
Event: 8.172 Thread 0x00007fc928830000 nmethod 1691 0x000000010cafcd50 code [0x000000010cafcea0, 0x000000010cafcff0]
Event: 8.172 Thread 0x00007fc928830000 1692       3       java.nio.Bits::long3 (7 bytes)
Event: 8.172 Thread 0x00007fc928830000 nmethod 1692 0x000000010cafca50 code [0x000000010cafcba0, 0x000000010cafccf0]
Event: 8.608 Thread 0x00007fc928830000 1693       3       org.lwjgl.opengl.MacOSXNativeMouse::setCursorPos (55 bytes)
Event: 8.608 Thread 0x00007fc928830000 nmethod 1693 0x000000010cafc410 code [0x000000010cafc5a0, 0x000000010cafc968]
Event: 8.608 Thread 0x00007fc928830000 1694       3       org.lwjgl.opengl.MacOSXNativeMouse::addDelta (22 bytes)
Event: 8.609 Thread 0x00007fc928830000 nmethod 1694 0x000000010cad7450 code [0x000000010cad75c0, 0x000000010cad7730]

GC Heap History (8 events):
Event: 2.485 GC heap before
{Heap before GC invocations=1 (full 0):
 PSYoungGen      total 38400K, used 33280K [0x0000000795580000, 0x0000000798000000, 0x00000007c0000000)
  eden space 33280K, 100% used [0x0000000795580000,0x0000000797600000,0x0000000797600000)
  from space 5120K, 0% used [0x0000000797b00000,0x0000000797b00000,0x0000000798000000)
  to   space 5120K, 0% used [0x0000000797600000,0x0000000797600000,0x0000000797b00000)
 ParOldGen       total 87552K, used 0K [0x0000000740000000, 0x0000000745580000, 0x0000000795580000)
  object space 87552K, 0% used [0x0000000740000000,0x0000000740000000,0x0000000745580000)
 Metaspace       used 10652K, capacity 10757K, committed 10880K, reserved 1058816K
  class space    used 1079K, capacity 1145K, committed 1152K, reserved 1048576K
Event: 2.491 GC heap after
Heap after GC invocations=1 (full 0):
 PSYoungGen      total 38400K, used 5108K [0x0000000795580000, 0x0000000798000000, 0x00000007c0000000)
  eden space 33280K, 0% used [0x0000000795580000,0x0000000795580000,0x0000000797600000)
  from space 5120K, 99% used [0x0000000797600000,0x0000000797afd2a0,0x0000000797b00000)
  to   space 5120K, 0% used [0x0000000797b00000,0x0000000797b00000,0x0000000798000000)
 ParOldGen       total 87552K, used 555K [0x0000000740000000, 0x0000000745580000, 0x0000000795580000)
  object space 87552K, 0% used [0x0000000740000000,0x000000074008ac38,0x0000000745580000)
 Metaspace       used 10652K, capacity 10757K, committed 10880K, reserved 1058816K
  class space    used 1079K, capacity 1145K, committed 1152K, reserved 1048576K
}
Event: 5.150 GC heap before
{Heap before GC invocations=2 (full 0):
 PSYoungGen      total 38400K, used 38388K [0x0000000795580000, 0x0000000798000000, 0x00000007c0000000)
  eden space 33280K, 100% used [0x0000000795580000,0x0000000797600000,0x0000000797600000)
  from space 5120K, 99% used [0x0000000797600000,0x0000000797afd2a0,0x0000000797b00000)
  to   space 5120K, 0% used [0x0000000797b00000,0x0000000797b00000,0x0000000798000000)
 ParOldGen       total 87552K, used 555K [0x0000000740000000, 0x0000000745580000, 0x0000000795580000)
  object space 87552K, 0% used [0x0000000740000000,0x000000074008ac38,0x0000000745580000)
 Metaspace       used 12224K, capacity 12389K, committed 12672K, reserved 1060864K
  class space    used 1248K, capacity 1305K, committed 1408K, reserved 1048576K
Event: 5.161 GC heap after
Heap after GC invocations=2 (full 0):
 PSYoungGen      total 38400K, used 5104K [0x0000000795580000, 0x0000000798000000, 0x00000007c0000000)
  eden space 33280K, 0% used [0x0000000795580000,0x0000000795580000,0x0000000797600000)
  from space 5120K, 99% used [0x0000000797b00000,0x0000000797ffc310,0x0000000798000000)
  to   space 5120K, 0% used [0x0000000797600000,0x0000000797600000,0x0000000797b00000)
 ParOldGen       total 87552K, used 6635K [0x0000000740000000, 0x0000000745580000, 0x0000000795580000)
  object space 87552K, 7% used [0x0000000740000000,0x000000074067af80,0x0000000745580000)
 Metaspace       used 12224K, capacity 12389K, committed 12672K, reserved 1060864K
  class space    used 1248K, capacity 1305K, committed 1408K, reserved 1048576K
}
Event: 5.817 GC heap before
{Heap before GC invocations=3 (full 0):
 PSYoungGen      total 38400K, used 38384K [0x0000000795580000, 0x0000000798000000, 0x00000007c0000000)
  eden space 33280K, 100% used [0x0000000795580000,0x0000000797600000,0x0000000797600000)
  from space 5120K, 99% used [0x0000000797b00000,0x0000000797ffc310,0x0000000798000000)
  to   space 5120K, 0% used [0x0000000797600000,0x0000000797600000,0x0000000797b00000)
 ParOldGen       total 87552K, used 6635K [0x0000000740000000, 0x0000000745580000, 0x0000000795580000)
  object space 87552K, 7% used [0x0000000740000000,0x000000074067af80,0x0000000745580000)
 Metaspace       used 12333K, capacity 12485K, committed 12672K, reserved 1060864K
  class space    used 1255K, capacity 1337K, committed 1408K, reserved 1048576K
Event: 5.840 GC heap after
Heap after GC invocations=3 (full 0):
 PSYoungGen      total 38400K, used 5105K [0x0000000795580000, 0x000000079a080000, 0x00000007c0000000)
  eden space 33280K, 0% used [0x0000000795580000,0x0000000795580000,0x0000000797600000)
  from space 5120K, 99% used [0x0000000797600000,0x0000000797afc5b8,0x0000000797b00000)
  to   space 5120K, 0% used [0x0000000799b80000,0x0000000799b80000,0x000000079a080000)
 ParOldGen       total 87552K, used 23292K [0x0000000740000000, 0x0000000745580000, 0x0000000795580000)
  object space 87552K, 26% used [0x0000000740000000,0x00000007416bf100,0x0000000745580000)
 Metaspace       used 12333K, capacity 12485K, committed 12672K, reserved 1060864K
  class space    used 1255K, capacity 1337K, committed 1408K, reserved 1048576K
}
Event: 6.654 GC heap before
{Heap before GC invocations=4 (full 0):
 PSYoungGen      total 38400K, used 26615K [0x0000000795580000, 0x000000079a080000, 0x00000007c0000000)
  eden space 33280K, 64% used [0x0000000795580000,0x0000000796a81858,0x0000000797600000)
  from space 5120K, 99% used [0x0000000797600000,0x0000000797afc5b8,0x0000000797b00000)
  to   space 5120K, 0% used [0x0000000799b80000,0x0000000799b80000,0x000000079a080000)
 ParOldGen       total 87552K, used 23292K [0x0000000740000000, 0x0000000745580000, 0x0000000795580000)
  object space 87552K, 26% used [0x0000000740000000,0x00000007416bf100,0x0000000745580000)
 Metaspace       used 12335K, capacity 12485K, committed 12672K, reserved 1060864K
  class space    used 1255K, capacity 1337K, committed 1408K, reserved 1048576K
Event: 6.676 GC heap after
Heap after GC invocations=4 (full 0):
 PSYoungGen      total 71680K, used 5105K [0x0000000795580000, 0x000000079a080000, 0x00000007c0000000)
  eden space 66560K, 0% used [0x0000000795580000,0x0000000795580000,0x0000000799680000)
  from space 5120K, 99% used [0x0000000799b80000,0x000000079a07c568,0x000000079a080000)
  to   space 5120K, 0% used [0x0000000799680000,0x0000000799680000,0x0000000799b80000)
 ParOldGen       total 87552K, used 34208K [0x0000000740000000, 0x0000000745580000, 0x0000000795580000)
  object space 87552K, 39% used [0x0000000740000000,0x0000000742168338,0x0000000745580000)
 Metaspace       used 12335K, capacity 12485K, committed 12672K, reserved 1060864K
  class space    used 1255K, capacity 1337K, committed 1408K, reserved 1048576K
}

Deoptimization events (10 events):
Event: 2.740 Thread 0x00007fc929227800 Uncommon trap: reason=class_check action=maybe_recompile pc=0x000000010c8f77a8 method=com.badlogic.gdx.utils.ObjectMap.put_internal(Ljava/lang/Object;Ljava/lang/Object;)Ljava/lang/Object; @ 6
Event: 2.751 Thread 0x00007fc929227800 Uncommon trap: reason=null_check action=make_not_entrant pc=0x000000010c8edccc method=com.badlogic.gdx.utils.ObjectMap.get(Ljava/lang/Object;)Ljava/lang/Object; @ 38
Event: 2.756 Thread 0x00007fc929227800 Uncommon trap: reason=array_check action=maybe_recompile pc=0x000000010c8ed3b4 method=com.badlogic.gdx.utils.Array.add(Ljava/lang/Object;)V @ 46
Event: 2.756 Thread 0x00007fc929227800 Uncommon trap: reason=array_check action=maybe_recompile pc=0x000000010c8ed3b4 method=com.badlogic.gdx.utils.Array.add(Ljava/lang/Object;)V @ 46
Event: 2.756 Thread 0x00007fc929227800 Uncommon trap: reason=array_check action=maybe_recompile pc=0x000000010c8ed3b4 method=com.badlogic.gdx.utils.Array.add(Ljava/lang/Object;)V @ 46
Event: 2.760 Thread 0x00007fc929227800 Uncommon trap: reason=array_check action=maybe_recompile pc=0x000000010c8ed3b4 method=com.badlogic.gdx.utils.Array.add(Ljava/lang/Object;)V @ 46
Event: 3.519 Thread 0x00007fc929227800 Uncommon trap: reason=null_check action=make_not_entrant pc=0x000000010c914234 method=com.badlogic.gdx.utils.ObjectMap.get(Ljava/lang/Object;)Ljava/lang/Object; @ 57
Event: 3.532 Thread 0x00007fc929227800 Uncommon trap: reason=unstable_if action=reinterpret pc=0x000000010c9af3d4 method=java.lang.Boolean.valueOf(Z)Ljava/lang/Boolean; @ 1
Event: 3.547 Thread 0x00007fc929227800 Uncommon trap: reason=unstable_if action=reinterpret pc=0x000000010c83166c method=java.io.BufferedReader.readLine(Z)Ljava/lang/String; @ 160
Event: 3.547 Thread 0x00007fc929227800 Uncommon trap: reason=unstable_if action=reinterpret pc=0x000000010c82f730 method=java.io.BufferedReader.readLine(Z)Ljava/lang/String; @ 160

Classes redefined (0 events):
No events

Internal exceptions (10 events):
Event: 1.306 Thread 0x00007fc928806000 Exception <a 'java/security/PrivilegedActionException'> (0x0000000795e884a0) thrown at [/Users/java_re/workspace/8-2-build-macosx-x86_64/jdk8u192/11897/hotspot/src/share/vm/prims/jvm.cpp, line 1435]
Event: 1.306 Thread 0x00007fc928806000 Exception <a 'java/security/PrivilegedActionException'> (0x0000000795e895c0) thrown at [/Users/java_re/workspace/8-2-build-macosx-x86_64/jdk8u192/11897/hotspot/src/share/vm/prims/jvm.cpp, line 1435]
Event: 1.306 Thread 0x00007fc928806000 Exception <a 'java/security/PrivilegedActionException'> (0x0000000795e8eab8) thrown at [/Users/java_re/workspace/8-2-build-macosx-x86_64/jdk8u192/11897/hotspot/src/share/vm/prims/jvm.cpp, line 1435]
Event: 1.306 Thread 0x00007fc928806000 Exception <a 'java/security/PrivilegedActionException'> (0x0000000795e8f710) thrown at [/Users/java_re/workspace/8-2-build-macosx-x86_64/jdk8u192/11897/hotspot/src/share/vm/prims/jvm.cpp, line 1435]
Event: 1.306 Thread 0x00007fc928806000 Exception <a 'java/security/PrivilegedActionException'> (0x0000000795e90338) thrown at [/Users/java_re/workspace/8-2-build-macosx-x86_64/jdk8u192/11897/hotspot/src/share/vm/prims/jvm.cpp, line 1435]
Event: 2.550 Thread 0x00007fc929227800 Implicit null exception at 0x000000010c8866c2 to 0x000000010c886ce9
Event: 2.599 Thread 0x00007fc928aa0000 Implicit null exception at 0x000000010c8aa854 to 0x000000010c8aae31
Event: 2.619 Thread 0x00007fc928aa0000 Implicit null exception at 0x000000010c8d4ff1 to 0x000000010c8d55d5
Event: 2.751 Thread 0x00007fc929227800 Implicit null exception at 0x000000010c8ed862 to 0x000000010c8edca9
Event: 3.519 Thread 0x00007fc929227800 Implicit null exception at 0x000000010c913f29 to 0x000000010c914225

Events (10 events):
Event: 10.921 loading class java/util/IdentityHashMap$ValueIterator
Event: 10.921 loading class java/util/IdentityHashMap$IdentityHashMapIterator
Event: 10.921 loading class java/util/IdentityHashMap$IdentityHashMapIterator done
Event: 10.921 loading class java/util/IdentityHashMap$ValueIterator done
Event: 10.922 loading class java/util/HashMap$KeySet
Event: 10.922 loading class java/util/HashMap$KeySet done
Event: 10.922 loading class java/util/HashMap$KeyIterator
Event: 10.922 loading class java/util/HashMap$KeyIterator done
Event: 10.922 Thread 0x00007fc9289bb000 Thread exited: 0x00007fc9289bb000
Event: 11.595 Thread 0x00007fc928180000 Thread added: 0x00007fc928180000


Dynamic libraries:
0x00007fff3f4f7000 	/System/Library/Frameworks/Cocoa.framework/Versions/A/Cocoa
0x00007fff4b777000 	/System/Library/Frameworks/Security.framework/Versions/A/Security
0x00007fff3e101000 	/System/Library/Frameworks/ApplicationServices.framework/Versions/A/ApplicationServices
0x00007fff6cbec000 	/usr/lib/libz.1.dylib
0x00007fff6a262000 	/usr/lib/libSystem.B.dylib
0x00007fff6bd09000 	/usr/lib/libobjc.A.dylib
0x00007fff3fd19000 	/System/Library/Frameworks/CoreFoundation.framework/Versions/A/CoreFoundation
0x00007fff42098000 	/System/Library/Frameworks/Foundation.framework/Versions/C/Foundation
0x00007fff3d290000 	/System/Library/Frameworks/AppKit.framework/Versions/C/AppKit
0x00007fff3f88e000 	/System/Library/Frameworks/CoreData.framework/Versions/A/CoreData
0x00007fff63454000 	/System/Library/PrivateFrameworks/RemoteViewServices.framework/Versions/A/RemoteViewServices
0x00007fff67f3d000 	/System/Library/PrivateFrameworks/UIFoundation.framework/Versions/A/UIFoundation
0x00007fff696e9000 	/System/Library/PrivateFrameworks/XCTTargetBootstrap.framework/Versions/A/XCTTargetBootstrap
0x00007fff5dfaf000 	/System/Library/PrivateFrameworks/IconServices.framework/Versions/A/IconServices
0x00007fff4493d000 	/System/Library/Frameworks/Metal.framework/Versions/A/Metal
0x00007fff55241000 	/System/Library/PrivateFrameworks/DesktopServicesPriv.framework/Versions/A/DesktopServicesPriv
0x00007fff6b01d000 	/usr/lib/libenergytrace.dylib
0x00007fff65cb6000 	/System/Library/PrivateFrameworks/SkyLight.framework/Versions/A/SkyLight
0x00007fff4016a000 	/System/Library/Frameworks/CoreGraphics.framework/Versions/A/CoreGraphics
0x00007fff3c04b000 	/System/Library/Frameworks/Accelerate.framework/Versions/A/Accelerate
0x00007fff4281e000 	/System/Library/Frameworks/IOSurface.framework/Versions/A/IOSurface
0x00007fff550a3000 	/System/Library/PrivateFrameworks/DFRFoundation.framework/Versions/A/DFRFoundation
0x00007fff3e606000 	/System/Library/Frameworks/AudioToolbox.framework/Versions/A/AudioToolbox
0x00007fff3e8a4000 	/System/Library/Frameworks/AudioUnit.framework/Versions/A/AudioUnit
0x00007fff5513a000 	/System/Library/PrivateFrameworks/DataDetectorsCore.framework/Versions/A/DataDetectorsCore
0x00007fff3efe3000 	/System/Library/Frameworks/Carbon.framework/Versions/A/Frameworks/HIToolbox.framework/Versions/A/HIToolbox
0x00007fff6b178000 	/usr/lib/libicucore.A.dylib
0x00007fff4acd3000 	/System/Library/Frameworks/QuartzCore.framework/Versions/A/QuartzCore
0x00007fff3f3ca000 	/System/Library/Frameworks/Carbon.framework/Versions/A/Frameworks/SpeechRecognition.framework/Versions/A/SpeechRecognition
0x00007fff6a3c5000 	/usr/lib/libauto.dylib
0x00007fff6cadf000 	/usr/lib/libxml2.2.dylib
0x00007fff54ca8000 	/System/Library/PrivateFrameworks/CoreUI.framework/Versions/A/CoreUI
0x00007fff3f76c000 	/System/Library/Frameworks/CoreAudio.framework/Versions/A/CoreAudio
0x00007fff41eca000 	/System/Library/Frameworks/DiskArbitration.framework/Versions/A/DiskArbitration
0x00007fff6b428000 	/usr/lib/liblangid.dylib
0x00007fff5f459000 	/System/Library/PrivateFrameworks/MultitouchSupport.framework/Versions/A/MultitouchSupport
0x00007fff4278b000 	/System/Library/Frameworks/IOKit.framework/Versions/A/IOKit
0x00007fff69eb0000 	/usr/lib/libDiagnosticMessagesClient.dylib
0x00007fff40fd5000 	/System/Library/Frameworks/CoreServices.framework/Versions/A/CoreServices
0x00007fff61183000 	/System/Library/PrivateFrameworks/PerformanceAnalysis.framework/Versions/A/PerformanceAnalysis
0x00007fff49e68000 	/System/Library/Frameworks/OpenGL.framework/Versions/A/OpenGL
0x00007fff3f505000 	/System/Library/Frameworks/ColorSync.framework/Versions/A/ColorSync
0x00007fff407f9000 	/System/Library/Frameworks/CoreImage.framework/Versions/A/CoreImage
0x00007fff41a13000 	/System/Library/Frameworks/CoreText.framework/Versions/A/CoreText
0x00007fff4287f000 	/System/Library/Frameworks/ImageIO.framework/Versions/A/ImageIO
0x00007fff5131e000 	/System/Library/PrivateFrameworks/Backup.framework/Versions/A/Backup
0x00007fff6a318000 	/usr/lib/libarchive.2.dylib
0x00007fff3ec08000 	/System/Library/Frameworks/CFNetwork.framework/Versions/A/CFNetwork
0x00007fff4bf20000 	/System/Library/Frameworks/SystemConfiguration.framework/Versions/A/SystemConfiguration
0x00007fff69dd9000 	/usr/lib/libCRFSuite.dylib
0x00007fff6a4bd000 	/usr/lib/libc++.1.dylib
0x00007fff6a515000 	/usr/lib/libc++abi.dylib
0x00007fff6cc6f000 	/usr/lib/system/libcache.dylib
0x00007fff6cc74000 	/usr/lib/system/libcommonCrypto.dylib
0x00007fff6cc7f000 	/usr/lib/system/libcompiler_rt.dylib
0x00007fff6cc87000 	/usr/lib/system/libcopyfile.dylib
0x00007fff6cc91000 	/usr/lib/system/libcorecrypto.dylib
0x00007fff6cd9b000 	/usr/lib/system/libdispatch.dylib
0x00007fff6cdd6000 	/usr/lib/system/libdyld.dylib
0x00007fff6ce06000 	/usr/lib/system/libkeymgr.dylib
0x00007fff6ce14000 	/usr/lib/system/liblaunch.dylib
0x00007fff6ce15000 	/usr/lib/system/libmacho.dylib
0x00007fff6ce1b000 	/usr/lib/system/libquarantine.dylib
0x00007fff6ce1e000 	/usr/lib/system/libremovefile.dylib
0x00007fff6ce20000 	/usr/lib/system/libsystem_asl.dylib
0x00007fff6ce38000 	/usr/lib/system/libsystem_blocks.dylib
0x00007fff6ce39000 	/usr/lib/system/libsystem_c.dylib
0x00007fff6cec2000 	/usr/lib/system/libsystem_configuration.dylib
0x00007fff6cec6000 	/usr/lib/system/libsystem_coreservices.dylib
0x00007fff6ceca000 	/usr/lib/system/libsystem_darwin.dylib
0x00007fff6ced1000 	/usr/lib/system/libsystem_dnssd.dylib
0x00007fff6ced8000 	/usr/lib/system/libsystem_info.dylib
0x00007fff6cf4d000 	/usr/lib/system/libsystem_m.dylib
0x00007fff6cf99000 	/usr/lib/system/libsystem_malloc.dylib
0x00007fff6cfbe000 	/usr/lib/system/libsystem_networkextension.dylib
0x00007fff6cfca000 	/usr/lib/system/libsystem_notify.dylib
0x00007fff6cfe7000 	/usr/lib/system/libsystem_sandbox.dylib
0x00007fff6cfeb000 	/usr/lib/system/libsystem_secinit.dylib
0x00007fff6cf25000 	/usr/lib/system/libsystem_kernel.dylib
0x00007fff6cfd2000 	/usr/lib/system/libsystem_platform.dylib
0x00007fff6cfdc000 	/usr/lib/system/libsystem_pthread.dylib
0x00007fff6cfee000 	/usr/lib/system/libsystem_symptoms.dylib
0x00007fff6cff6000 	/usr/lib/system/libsystem_trace.dylib
0x00007fff6d00d000 	/usr/lib/system/libunwind.dylib
0x00007fff6d013000 	/usr/lib/system/libxpc.dylib
0x00007fff6a49d000 	/usr/lib/libbsm.0.dylib
0x00007fff6ce07000 	/usr/lib/system/libkxld.dylib
0x00007fff505da000 	/System/Library/PrivateFrameworks/AppleFSCompression.framework/Versions/A/AppleFSCompression
0x00007fff6a121000 	/usr/lib/libOpenScriptingUtil.dylib
0x00007fff6a800000 	/usr/lib/libcoretls.dylib
0x00007fff6a817000 	/usr/lib/libcoretls_cfhelpers.dylib
0x00007fff6c4a2000 	/usr/lib/libpam.2.dylib
0x00007fff6c665000 	/usr/lib/libsqlite3.dylib
0x00007fff6cacd000 	/usr/lib/libxar.1.dylib
0x00007fff6a4ae000 	/usr/lib/libbz2.1.0.dylib
0x00007fff6b42a000 	/usr/lib/liblzma.5.dylib
0x00007fff6b920000 	/usr/lib/libnetwork.dylib
0x00007fff6a301000 	/usr/lib/libapple_nghttp2.dylib
0x00007fff6c4a9000 	/usr/lib/libpcap.A.dylib
0x00007fff41379000 	/System/Library/Frameworks/CoreServices.framework/Versions/A/Frameworks/FSEvents.framework/Versions/A/FSEvents
0x00007fff41055000 	/System/Library/Frameworks/CoreServices.framework/Versions/A/Frameworks/CarbonCore.framework/Versions/A/CarbonCore
0x00007fff4154e000 	/System/Library/Frameworks/CoreServices.framework/Versions/A/Frameworks/Metadata.framework/Versions/A/Metadata
0x00007fff415f1000 	/System/Library/Frameworks/CoreServices.framework/Versions/A/Frameworks/OSServices.framework/Versions/A/OSServices
0x00007fff4163d000 	/System/Library/Frameworks/CoreServices.framework/Versions/A/Frameworks/SearchKit.framework/Versions/A/SearchKit
0x00007fff40fd6000 	/System/Library/Frameworks/CoreServices.framework/Versions/A/Frameworks/AE.framework/Versions/A/AE
0x00007fff41382000 	/System/Library/Frameworks/CoreServices.framework/Versions/A/Frameworks/LaunchServices.framework/Versions/A/LaunchServices
0x00007fff4132e000 	/System/Library/Frameworks/CoreServices.framework/Versions/A/Frameworks/DictionaryServices.framework/Versions/A/DictionaryServices
0x00007fff416ac000 	/System/Library/Frameworks/CoreServices.framework/Versions/A/Frameworks/SharedFileList.framework/Versions/A/SharedFileList
0x00007fff45df8000 	/System/Library/Frameworks/NetFS.framework/Versions/A/NetFS
0x00007fff5f6f5000 	/System/Library/PrivateFrameworks/NetAuth.framework/Versions/A/NetAuth
0x00007fff69b1d000 	/System/Library/PrivateFrameworks/login.framework/Versions/A/Frameworks/loginsupport.framework/Versions/A/loginsupport
0x00007fff67b39000 	/System/Library/PrivateFrameworks/TCC.framework/Versions/A/TCC
0x00007fff542d0000 	/System/Library/PrivateFrameworks/CoreNLP.framework/Versions/A/CoreNLP
0x00007fff5f14b000 	/System/Library/PrivateFrameworks/MetadataUtilities.framework/Versions/A/MetadataUtilities
0x00007fff6b50b000 	/usr/lib/libmecabra.dylib
0x00007fff3e102000 	/System/Library/Frameworks/ApplicationServices.framework/Versions/A/Frameworks/ATS.framework/Versions/A/ATS
0x00007fff3e46d000 	/System/Library/Frameworks/ApplicationServices.framework/Versions/A/Frameworks/ColorSyncLegacy.framework/Versions/A/ColorSyncLegacy
0x00007fff3e50e000 	/System/Library/Frameworks/ApplicationServices.framework/Versions/A/Frameworks/HIServices.framework/Versions/A/HIServices
0x00007fff3e561000 	/System/Library/Frameworks/ApplicationServices.framework/Versions/A/Frameworks/LangAnalysis.framework/Versions/A/LangAnalysis
0x00007fff3e570000 	/System/Library/Frameworks/ApplicationServices.framework/Versions/A/Frameworks/PrintCore.framework/Versions/A/PrintCore
0x00007fff3e5bd000 	/System/Library/Frameworks/ApplicationServices.framework/Versions/A/Frameworks/QD.framework/Versions/A/QD
0x00007fff3e5f9000 	/System/Library/Frameworks/ApplicationServices.framework/Versions/A/Frameworks/SpeechSynthesis.framework/Versions/A/SpeechSynthesis
0x00007fff6a53d000 	/usr/lib/libcompression.dylib
0x00007fff3fc2f000 	/System/Library/Frameworks/CoreDisplay.framework/Versions/A/CoreDisplay
0x00007fff44bf9000 	/System/Library/Frameworks/MetalPerformanceShaders.framework/Versions/A/MetalPerformanceShaders
0x00007fff3c063000 	/System/Library/Frameworks/Accelerate.framework/Versions/A/Frameworks/vImage.framework/Versions/A/vImage
0x00007fff3d0df000 	/System/Library/Frameworks/Accelerate.framework/Versions/A/Frameworks/vecLib.framework/Versions/A/vecLib
0x00007fff3d029000 	/System/Library/Frameworks/Accelerate.framework/Versions/A/Frameworks/vecLib.framework/Versions/A/libvMisc.dylib
0x00007fff3ce44000 	/System/Library/Frameworks/Accelerate.framework/Versions/A/Frameworks/vecLib.framework/Versions/A/libvDSP.dylib
0x00007fff3c704000 	/System/Library/Frameworks/Accelerate.framework/Versions/A/Frameworks/vecLib.framework/Versions/A/libBLAS.dylib
0x00007fff3c9ef000 	/System/Library/Frameworks/Accelerate.framework/Versions/A/Frameworks/vecLib.framework/Versions/A/libLAPACK.dylib
0x00007fff3cd96000 	/System/Library/Frameworks/Accelerate.framework/Versions/A/Frameworks/vecLib.framework/Versions/A/libLinearAlgebra.dylib
0x00007fff3ce30000 	/System/Library/Frameworks/Accelerate.framework/Versions/A/Frameworks/vecLib.framework/Versions/A/libSparseBLAS.dylib
0x00007fff3cdac000 	/System/Library/Frameworks/Accelerate.framework/Versions/A/Frameworks/vecLib.framework/Versions/A/libQuadrature.dylib
0x00007fff3c97c000 	/System/Library/Frameworks/Accelerate.framework/Versions/A/Frameworks/vecLib.framework/Versions/A/libBNNS.dylib
0x00007fff3cdb2000 	/System/Library/Frameworks/Accelerate.framework/Versions/A/Frameworks/vecLib.framework/Versions/A/libSparse.dylib
0x00007fff5b7ce000 	/System/Library/PrivateFrameworks/GPUWrangler.framework/Versions/A/GPUWrangler
0x00007fff5db78000 	/System/Library/PrivateFrameworks/IOAccelerator.framework/Versions/A/IOAccelerator
0x00007fff5db83000 	/System/Library/PrivateFrameworks/IOPresentment.framework/Versions/A/IOPresentment
0x00007fff550b3000 	/System/Library/PrivateFrameworks/DSExternalDisplay.framework/Versions/A/DSExternalDisplay
0x00007fff492ad000 	/System/Library/Frameworks/OpenGL.framework/Versions/A/Libraries/libCoreFSCache.dylib
0x00007fff449ed000 	/System/Library/Frameworks/MetalPerformanceShaders.framework/Frameworks/MPSCore.framework/Versions/A/MPSCore
0x00007fff44a0e000 	/System/Library/Frameworks/MetalPerformanceShaders.framework/Frameworks/MPSImage.framework/Versions/A/MPSImage
0x00007fff44ab5000 	/System/Library/Frameworks/MetalPerformanceShaders.framework/Frameworks/MPSNeuralNetwork.framework/Versions/A/MPSNeuralNetwork
0x00007fff44a8c000 	/System/Library/Frameworks/MetalPerformanceShaders.framework/Frameworks/MPSMatrix.framework/Versions/A/MPSMatrix
0x00007fff44bdd000 	/System/Library/Frameworks/MetalPerformanceShaders.framework/Frameworks/MPSRayIntersector.framework/Versions/A/MPSRayIntersector
0x00007fff5f174000 	/System/Library/PrivateFrameworks/MetalTools.framework/Versions/A/MetalTools
0x00007fff4fcd6000 	/System/Library/PrivateFrameworks/AggregateDictionary.framework/Versions/A/AggregateDictionary
0x00007fff6a101000 	/usr/lib/libMobileGestalt.dylib
0x00007fff41b79000 	/System/Library/Frameworks/CoreVideo.framework/Versions/A/CoreVideo
0x00007fff5c632000 	/System/Library/PrivateFrameworks/GraphVisualizer.framework/Versions/A/GraphVisualizer
0x00007fff563de000 	/System/Library/PrivateFrameworks/FaceCore.framework/Versions/A/FaceCore
0x00007fff488c4000 	/System/Library/Frameworks/OpenCL.framework/Versions/A/OpenCL
0x00007fff69ee8000 	/usr/lib/libFosl_dynamic.dylib
0x00007fff5ffca000 	/System/Library/PrivateFrameworks/OTSVG.framework/Versions/A/OTSVG
0x00007fff3e206000 	/System/Library/Frameworks/ApplicationServices.framework/Versions/A/Frameworks/ATS.framework/Versions/A/Resources/libFontParser.dylib
0x00007fff3e326000 	/System/Library/Frameworks/ApplicationServices.framework/Versions/A/Frameworks/ATS.framework/Versions/A/Resources/libFontRegistry.dylib
0x00007fff42aff000 	/System/Library/Frameworks/ImageIO.framework/Versions/A/Resources/libJPEG.dylib
0x00007fff42e21000 	/System/Library/Frameworks/ImageIO.framework/Versions/A/Resources/libTIFF.dylib
0x00007fff42df7000 	/System/Library/Frameworks/ImageIO.framework/Versions/A/Resources/libPng.dylib
0x00007fff42a14000 	/System/Library/Frameworks/ImageIO.framework/Versions/A/Resources/libGIF.dylib
0x00007fff42a19000 	/System/Library/Frameworks/ImageIO.framework/Versions/A/Resources/libJP2.dylib
0x00007fff42e1e000 	/System/Library/Frameworks/ImageIO.framework/Versions/A/Resources/libRadiance.dylib
0x00007fff50733000 	/System/Library/PrivateFrameworks/AppleJPEG.framework/Versions/A/AppleJPEG
0x00007fff492b8000 	/System/Library/Frameworks/OpenGL.framework/Versions/A/Libraries/libGFXShared.dylib
0x00007fff4947b000 	/System/Library/Frameworks/OpenGL.framework/Versions/A/Libraries/libGLU.dylib
0x00007fff492c1000 	/System/Library/Frameworks/OpenGL.framework/Versions/A/Libraries/libGL.dylib
0x00007fff492cd000 	/System/Library/Frameworks/OpenGL.framework/Versions/A/Libraries/libGLImage.dylib
0x00007fff492aa000 	/System/Library/Frameworks/OpenGL.framework/Versions/A/Libraries/libCVMSPluginSupport.dylib
0x00007fff492b3000 	/System/Library/Frameworks/OpenGL.framework/Versions/A/Libraries/libCoreVMClient.dylib
0x00007fff6ae8f000 	/usr/lib/libcups.2.dylib
0x00007fff43f05000 	/System/Library/Frameworks/Kerberos.framework/Versions/A/Kerberos
0x00007fff424d7000 	/System/Library/Frameworks/GSS.framework/Versions/A/GSS
0x00007fff6c5f9000 	/usr/lib/libresolv.9.dylib
0x00007fff6b086000 	/usr/lib/libiconv.2.dylib
0x00007fff5c728000 	/System/Library/PrivateFrameworks/Heimdal.framework/Versions/A/Heimdal
0x00007fff6b055000 	/usr/lib/libheimdal-asn1.dylib
0x00007fff4893b000 	/System/Library/Frameworks/OpenDirectory.framework/Versions/A/OpenDirectory
0x00007fff52fe1000 	/System/Library/PrivateFrameworks/CommonAuth.framework/Versions/A/CommonAuth
0x00007fff4891e000 	/System/Library/Frameworks/OpenDirectory.framework/Versions/A/Frameworks/CFOpenDirectory.framework/Versions/A/CFOpenDirectory
0x00007fff4ba9e000 	/System/Library/Frameworks/SecurityFoundation.framework/Versions/A/SecurityFoundation
0x00007fff4f1f5000 	/System/Library/PrivateFrameworks/APFS.framework/Versions/A/APFS
0x00007fff6cac9000 	/usr/lib/libutil.dylib
0x00007fff6a52b000 	/usr/lib/libcharset.1.dylib
0x00007fff509cc000 	/System/Library/PrivateFrameworks/AppleSauce.framework/Versions/A/AppleSauce
0x00007fff50b5a000 	/System/Library/PrivateFrameworks/AssertionServices.framework/Versions/A/AssertionServices
0x00007fff513c1000 	/System/Library/PrivateFrameworks/BaseBoard.framework/Versions/A/BaseBoard
0x00007fff6b45a000 	/usr/lib/libmecab.1.0.0.dylib
0x00007fff6b04f000 	/usr/lib/libgermantok.dylib
0x00007fff6a2ed000 	/usr/lib/libThaiTokenizer.dylib
0x00007fff69e14000 	/usr/lib/libChineseTokenizer.dylib
0x00007fff5e2ab000 	/System/Library/PrivateFrameworks/LanguageModeling.framework/Versions/A/LanguageModeling
0x00007fff53ce7000 	/System/Library/PrivateFrameworks/CoreEmoji.framework/Versions/A/CoreEmoji
0x00007fff5e3a3000 	/System/Library/PrivateFrameworks/Lexicon.framework/Versions/A/Lexicon
0x00007fff5e3eb000 	/System/Library/PrivateFrameworks/LinguisticData.framework/Versions/A/LinguisticData
0x00007fff6a52c000 	/usr/lib/libcmph.dylib
0x00007fff4bb5f000 	/System/Library/Frameworks/ServiceManagement.framework/Versions/A/ServiceManagement
0x00007fff51314000 	/System/Library/PrivateFrameworks/BackgroundTaskManagement.framework/Versions/A/BackgroundTaskManagement
0x00007fff6cbc3000 	/usr/lib/libxslt.1.dylib
0x00007fff3f2f5000 	/System/Library/Frameworks/Carbon.framework/Versions/A/Frameworks/Ink.framework/Versions/A/Ink
0x00007fff67db5000 	/System/Library/PrivateFrameworks/TextureIO.framework/Versions/A/TextureIO
0x00007fff6a342000 	/usr/lib/libate.dylib
0x00007fff5500f000 	/System/Library/PrivateFrameworks/CrashReporterSupport.framework/Versions/A/CrashReporterSupport
0x00007fff64de5000 	/System/Library/PrivateFrameworks/Sharing.framework/Versions/A/Sharing
0x00007fff50ea0000 	/System/Library/PrivateFrameworks/AuthKit.framework/Versions/A/AuthKit
0x00007fff502d2000 	/System/Library/PrivateFrameworks/Apple80211.framework/Versions/A/Apple80211
0x00007fff54dd5000 	/System/Library/PrivateFrameworks/CoreUtils.framework/Versions/A/CoreUtils
0x00007fff41bb7000 	/System/Library/Frameworks/CoreWLAN.framework/Versions/A/CoreWLAN
0x00007fff42620000 	/System/Library/Frameworks/IOBluetooth.framework/Versions/A/IOBluetooth
0x00007fff6314b000 	/System/Library/PrivateFrameworks/ProtocolBuffer.framework/Versions/A/ProtocolBuffer
0x00007fff5f3b0000 	/System/Library/PrivateFrameworks/MobileKeyBag.framework/Versions/A/MobileKeyBag
0x00007fff545fd000 	/System/Library/PrivateFrameworks/CorePhoneNumbers.framework/Versions/A/CorePhoneNumbers
0x00007fff506e7000 	/System/Library/PrivateFrameworks/AppleIDAuthSupport.framework/Versions/A/AppleIDAuthSupport
0x00007fff5e27d000 	/System/Library/PrivateFrameworks/KeychainCircle.framework/Versions/A/KeychainCircle
0x00007fff63318000 	/System/Library/PrivateFrameworks/ROCKit.framework/Versions/A/ROCKit
0x00007fff54fab000 	/System/Library/PrivateFrameworks/CoreWiFi.framework/Versions/A/CoreWiFi
0x00007fff3f862000 	/System/Library/Frameworks/CoreBluetooth.framework/Versions/A/CoreBluetooth
0x00007fff551ff000 	/System/Library/PrivateFrameworks/DebugSymbols.framework/Versions/A/DebugSymbols
0x00007fff54b8a000 	/System/Library/PrivateFrameworks/CoreSymbolication.framework/Versions/A/CoreSymbolication
0x00007fff675a3000 	/System/Library/PrivateFrameworks/Symbolication.framework/Versions/A/Symbolication
0x00007fff66735000 	/System/Library/PrivateFrameworks/SpeechRecognitionCore.framework/Versions/A/SpeechRecognitionCore
0x000000010244e000 	/Library/Java/JavaVirtualMachines/jdk1.8.0_192.jdk/Contents/Home/jre/lib/server/libjvm.dylib
0x00007fff6c98d000 	/usr/lib/libstdc++.6.dylib
0x0000000103404000 	/Library/Java/JavaVirtualMachines/jdk1.8.0_192.jdk/Contents/Home/jre/lib/libverify.dylib
0x0000000103412000 	/Library/Java/JavaVirtualMachines/jdk1.8.0_192.jdk/Contents/Home/jre/lib/libjava.dylib
0x0000000103449000 	/Library/Java/JavaVirtualMachines/jdk1.8.0_192.jdk/Contents/Home/jre/lib/libinstrument.dylib
0x00000001034e7000 	/Library/Java/JavaVirtualMachines/jdk1.8.0_192.jdk/Contents/Home/jre/lib/libzip.dylib
0x000000010a7be000 	/Library/Java/JavaVirtualMachines/jdk1.8.0_192.jdk/Contents/Home/jre/lib/libnet.dylib
0x000000010a81d000 	/private/var/folders/ff/h0w5t1s13_zbp5xh8_c9mnk80000gn/T/libgdxraulmateobeneyto/25a8e9fb/libgdx64.dylib
0x000000010a867000 	/Library/Java/JavaVirtualMachines/jdk1.8.0_192.jdk/Contents/Home/jre/lib/libawt.dylib
0x000000010a910000 	/Library/Java/JavaVirtualMachines/jdk1.8.0_192.jdk/Contents/Home/jre/lib/./libmlib_image.dylib
0x00007fff43eee000 	/System/Library/Frameworks/JavaVM.framework/Versions/A/Frameworks/JavaNativeFoundation.framework/Versions/A/JavaNativeFoundation
0x00007fff43ef7000 	/System/Library/Frameworks/JavaVM.framework/Versions/A/Frameworks/JavaRuntimeSupport.framework/Versions/A/JavaRuntimeSupport
0x00007fff43f00000 	/System/Library/Frameworks/JavaVM.framework/Versions/A/JavaVM
0x00007fff5e194000 	/System/Library/PrivateFrameworks/JavaLaunching.framework/Versions/A/JavaLaunching
0x00007fff3efde000 	/System/Library/Frameworks/Carbon.framework/Versions/A/Carbon
0x00007fff3efdf000 	/System/Library/Frameworks/Carbon.framework/Versions/A/Frameworks/CommonPanels.framework/Versions/A/CommonPanels
0x00007fff3f2eb000 	/System/Library/Frameworks/Carbon.framework/Versions/A/Frameworks/Help.framework/Versions/A/Help
0x00007fff3f2ef000 	/System/Library/Frameworks/Carbon.framework/Versions/A/Frameworks/ImageCapture.framework/Versions/A/ImageCapture
0x00007fff3f38a000 	/System/Library/Frameworks/Carbon.framework/Versions/A/Frameworks/OpenScripting.framework/Versions/A/OpenScripting
0x00007fff3f3c5000 	/System/Library/Frameworks/Carbon.framework/Versions/A/Frameworks/Print.framework/Versions/A/Print
0x00007fff3f3c7000 	/System/Library/Frameworks/Carbon.framework/Versions/A/Frameworks/SecurityHI.framework/Versions/A/SecurityHI
0x000000010a9dc000 	/Library/Java/JavaVirtualMachines/jdk1.8.0_192.jdk/Contents/Home/jre/lib/libawt_lwawt.dylib
0x000000010aa96000 	/Library/Java/JavaVirtualMachines/jdk1.8.0_192.jdk/Contents/Home/jre/lib/./libosxapp.dylib
0x00007fff42070000 	/System/Library/Frameworks/ExceptionHandling.framework/Versions/A/ExceptionHandling
0x00007fff54794000 	/System/Library/PrivateFrameworks/CoreServicesInternal.framework/Versions/A/CoreServicesInternal
0x00007fff34b74000 	/System/Library/CoreServices/RawCamera.bundle/Contents/MacOS/RawCamera
0x00007fff5f21b000 	/System/Library/PrivateFrameworks/MobileAsset.framework/Versions/A/MobileAsset
0x00007fff66e27000 	/System/Library/PrivateFrameworks/StreamingZip.framework/Versions/A/StreamingZip
0x00007fff4429f000 	/System/Library/Frameworks/MediaToolbox.framework/Versions/A/MediaToolbox
0x00007fff53872000 	/System/Library/PrivateFrameworks/CoreAVCHD.framework/Versions/A/CoreAVCHD
0x00007fff441db000 	/System/Library/Frameworks/MediaAccessibility.framework/Versions/A/MediaAccessibility
0x00007fff5ec4e000 	/System/Library/PrivateFrameworks/Mangrove.framework/Versions/A/Mangrove
0x00007fff40e70000 	/System/Library/Frameworks/CoreMedia.framework/Versions/A/CoreMedia
0x00007fff4c1f1000 	/System/Library/Frameworks/VideoToolbox.framework/Versions/A/VideoToolbox
0x00007fff5349a000 	/System/Library/PrivateFrameworks/CoreAUC.framework/Versions/A/CoreAUC
0x00007fff6c663000 	/usr/lib/libspindump.dylib
0x00007fff50abf000 	/System/Library/PrivateFrameworks/AppleVA.framework/Versions/A/AppleVA
0x00007fff3c04c000 	/System/Library/Frameworks/Accelerate.framework/Versions/A/Frameworks/vImage.framework/Versions/A/Libraries/libCGInterfaces.dylib
0x00007fff3e3d0000 	/System/Library/Frameworks/ApplicationServices.framework/Versions/A/Frameworks/ATS.framework/Versions/A/Resources/libTrueTypeScaler.dylib
0x00007fff38297000 	/System/Library/Extensions/AppleIntelKBLGraphicsMTLDriver.bundle/Contents/MacOS/AppleIntelKBLGraphicsMTLDriver
0x00007fff5a128000 	/System/Library/PrivateFrameworks/GPUCompiler.framework/Versions/3902/Libraries/libmetal_timestamp.dylib
0x00007fff56810000 	/System/Library/PrivateFrameworks/FamilyControls.framework/Versions/A/FamilyControls
0x00007fff52fd4000 	/System/Library/PrivateFrameworks/CommerceKit.framework/Versions/A/Frameworks/CommerceCore.framework/Versions/A/CommerceCore
0x00007fff6788c000 	/System/Library/PrivateFrameworks/SystemAdministration.framework/Versions/A/SystemAdministration
0x00007fff501cd000 	/System/Library/PrivateFrameworks/AppContainer.framework/Versions/A/AppContainer
0x00007fff501ea000 	/System/Library/PrivateFrameworks/AppSandbox.framework/Versions/A/AppSandbox
0x00007fff64c7d000 	/System/Library/PrivateFrameworks/SecCodeWrapper.framework/Versions/A/SecCodeWrapper
0x00007fff6c613000 	/usr/lib/libsandbox.1.dylib
0x00007fff6a0cc000 	/usr/lib/libMatch.1.dylib
0x00007fff5559f000 	/System/Library/PrivateFrameworks/DiskManagement.framework/Versions/A/DiskManagement
0x00007fff41ddd000 	/System/Library/Frameworks/DirectoryService.framework/Versions/A/DirectoryService
0x00007fff554cc000 	/System/Library/PrivateFrameworks/DiskImages.framework/Versions/A/DiskImages
0x00007fff5e4ea000 	/System/Library/PrivateFrameworks/LoginUIKit.framework/Versions/A/Frameworks/LoginUICore.framework/Versions/A/LoginUICore
0x00007fff69e20000 	/usr/lib/libCoreStorage.dylib
0x00007fff6ae7b000 	/usr/lib/libcsfde.dylib
0x00007fff6c490000 	/usr/lib/libodfde.dylib
0x00007fff5ed6f000 	/System/Library/PrivateFrameworks/MediaKit.framework/Versions/A/MediaKit
0x00007fff41de9000 	/System/Library/Frameworks/DiscRecording.framework/Versions/A/DiscRecording
0x00007fff55709000 	/System/Library/PrivateFrameworks/EFILogin.framework/Versions/A/EFILogin
0x00007fff630f3000 	/System/Library/PrivateFrameworks/ProtectedCloudStorage.framework/Versions/A/ProtectedCloudStorage
0x00007fff6af0f000 	/usr/lib/libcurl.4.dylib
0x00007fff6ace2000 	/usr/lib/libcrypto.42.dylib
0x00007fff6c93f000 	/usr/lib/libssl.44.dylib
0x00007fff43f1f000 	/System/Library/Frameworks/LDAP.framework/Versions/A/LDAP
0x00007fff67f36000 	/System/Library/PrivateFrameworks/TrustEvaluationAgent.framework/Versions/A/TrustEvaluationAgent
0x00007fff6c650000 	/usr/lib/libsasl2.2.dylib
0x00007fff53ad0000 	/System/Library/PrivateFrameworks/CoreDaemon.framework/Versions/B/CoreDaemon
0x00007fff509c7000 	/System/Library/PrivateFrameworks/AppleSRP.framework/Versions/A/AppleSRP
0x00007fff68de5000 	/System/Library/PrivateFrameworks/ViewBridge.framework/Versions/A/ViewBridge
0x000000011e1cb000 	/Library/Java/JavaVirtualMachines/jdk1.8.0_192.jdk/Contents/Home/jre/lib/libfontmanager.dylib
0x000000011e232000 	/private/var/folders/ff/h0w5t1s13_zbp5xh8_c9mnk80000gn/T/libgdxraulmateobeneyto/f7649394/liblwjgl.dylib
0x000000011b7cb000 	/Library/Java/JavaVirtualMachines/jdk1.8.0_192.jdk/Contents/Home/jre/lib/libjawt.dylib
0x000000011e2b4000 	/var/folders/ff/h0w5t1s13_zbp5xh8_c9mnk80000gn/T/libgdxraulmateobeneyto/f7649394/openal.dylib
0x000000011e33f000 	/System/Library/Components/CoreAudio.component/Contents/MacOS/CoreAudio
0x000000011e583000 	/System/Library/Extensions/AppleHDA.kext/Contents/PlugIns/AppleHDAHALPlugIn.bundle/Contents/MacOS/AppleHDAHALPlugIn
0x00007fff49e78000 	/System/Library/Frameworks/OpenGL.framework/Versions/A/Resources/GLEngine.bundle/GLEngine
0x00007fff49308000 	/System/Library/Frameworks/OpenGL.framework/Versions/A/Libraries/libGLProgrammability.dylib
0x00007fff374b6000 	/System/Library/Extensions/AppleIntelKBLGraphicsGLDriver.bundle/Contents/MacOS/AppleIntelKBLGraphicsGLDriver
0x00007fff5b7c2000 	/System/Library/PrivateFrameworks/GPUSupport.framework/Versions/A/Libraries/libGPUSupportMercury.dylib
0x00007fff4a00f000 	/System/Library/Frameworks/OpenGL.framework/Versions/A/Resources/GLRendererFloat.bundle/GLRendererFloat
0x00007fff488bb000 	/System/Library/Frameworks/OpenCL.framework/Versions/A/Libraries/libcldcpuengine.dylib
0x00007fff6a9b7000 	/usr/lib/libcrypto.35.dylib
0x000000011d673000 	/private/var/folders/ff/h0w5t1s13_zbp5xh8_c9mnk80000gn/T/libgdxraulmateobeneyto/816b5a05/libgdx-box2d64.dylib
0x00007fff69b20000 	/System/Library/PrivateFrameworks/login.framework/Versions/A/login

VM Arguments:
jvm_args: -javaagent:/Applications/IntelliJ IDEA.app/Contents/lib/idea_rt.jar=58377:/Applications/IntelliJ IDEA.app/Contents/bin -Dfile.encoding=UTF-8 
java_command: com.nameless.game.desktop.DesktopLauncher
java_class_path (initial): /Library/Java/JavaVirtualMachines/jdk1.8.0_192.jdk/Contents/Home/jre/lib/charsets.jar:/Library/Java/JavaVirtualMachines/jdk1.8.0_192.jdk/Contents/Home/jre/lib/deploy.jar:/Library/Java/JavaVirtualMachines/jdk1.8.0_192.jdk/Contents/Home/jre/lib/ext/cldrdata.jar:/Library/Java/JavaVirtualMachines/jdk1.8.0_192.jdk/Contents/Home/jre/lib/ext/dnsns.jar:/Library/Java/JavaVirtualMachines/jdk1.8.0_192.jdk/Contents/Home/jre/lib/ext/jaccess.jar:/Library/Java/JavaVirtualMachines/jdk1.8.0_192.jdk/Contents/Home/jre/lib/ext/jfxrt.jar:/Library/Java/JavaVirtualMachines/jdk1.8.0_192.jdk/Contents/Home/jre/lib/ext/localedata.jar:/Library/Java/JavaVirtualMachines/jdk1.8.0_192.jdk/Contents/Home/jre/lib/ext/nashorn.jar:/Library/Java/JavaVirtualMachines/jdk1.8.0_192.jdk/Contents/Home/jre/lib/ext/sunec.jar:/Library/Java/JavaVirtualMachines/jdk1.8.0_192.jdk/Contents/Home/jre/lib/ext/sunjce_provider.jar:/Library/Java/JavaVirtualMachines/jdk1.8.0_192.jdk/Contents/Home/jre/lib/ext/sunpkcs11.jar:/Library/Java/JavaVirtualMachines/jdk1.8.0_192.jdk/Contents/Home/jre/lib/ext/zipfs.jar:/Library/Java/JavaVirtualMachines/jdk1.8.0_192.jdk/Contents/Home/jre/lib/javaws.jar:/Library/Java/JavaVirtualMachines/jdk1.8.0_192.jdk/Contents/Home/jre/lib/jce.jar:/Library/Java/JavaVirtualMachines/jdk1.8.0_192.jdk/Contents/Home/jre/lib/jfr.jar:/Library/Java/JavaVirtualMachines/jdk1.8.0_192.jdk/Contents/Home/jre/lib/jfxswt.jar:/Library/Java/JavaVirtualMachines/jdk1.8.0_192.jdk/Contents/Home/jre/lib/jsse.jar:/Library/Java/JavaVirtualMachines/jdk1.8.0_192.jdk/Contents/Home/jre/lib/management-agent.jar:/Library/Java/JavaVirtualMachines/jdk1.8.0_192.jdk/Contents/Home/jre/lib/plugin.jar:/Library/Java/JavaVirtualMachines/jdk1.8.0_192.jdk/Contents/Home/jre/lib/resources.jar:/Library/Java/JavaVirtualMachines/jdk1.8.0_192.jdk/Contents/Home/jre/lib/rt.jar:/Library/Java/JavaVirtualMachines/jdk1.8.0_192.jdk/Contents/Home/lib/ant-javafx.jar:/Library/Java/JavaVirtualMachines/jdk1.8.0_192.jdk/Contents/Home
Launcher Type: SUN_STANDARD

Environment Variables:
PATH=/usr/local/bin:/usr/bin:/bin:/usr/sbin:/sbin
SHELL=/bin/bash

Signal Handlers:
SIGSEGV: [libjvm.dylib+0x5b67a9], sa_mask[0]=11111111011111110111111111111111, sa_flags=SA_ONSTACK|SA_RESTART|SA_SIGINFO
SIGBUS: [libjvm.dylib+0x5b67a9], sa_mask[0]=11111111011111110111111111111111, sa_flags=SA_RESTART|SA_SIGINFO
SIGFPE: [libjvm.dylib+0x48bf5c], sa_mask[0]=11111111011111110111111111111111, sa_flags=SA_RESTART|SA_SIGINFO
SIGPIPE: [libjvm.dylib+0x48bf5c], sa_mask[0]=11111111011111110111111111111111, sa_flags=SA_RESTART|SA_SIGINFO
SIGXFSZ: [libjvm.dylib+0x48bf5c], sa_mask[0]=11111111011111110111111111111111, sa_flags=SA_RESTART|SA_SIGINFO
SIGILL: [libjvm.dylib+0x48bf5c], sa_mask[0]=11111111011111110111111111111111, sa_flags=SA_RESTART|SA_SIGINFO
SIGUSR1: SIG_DFL, sa_mask[0]=00000000000000000000000000000000, sa_flags=none
SIGUSR2: [libjvm.dylib+0x48ba7a], sa_mask[0]=00100000000000000000000000000000, sa_flags=SA_RESTART|SA_SIGINFO
SIGHUP: [libjvm.dylib+0x48a005], sa_mask[0]=11111111011111110111111111111111, sa_flags=SA_RESTART|SA_SIGINFO
SIGINT: [libjvm.dylib+0x48a005], sa_mask[0]=11111111011111110111111111111111, sa_flags=SA_RESTART|SA_SIGINFO
SIGTERM: [libjvm.dylib+0x48a005], sa_mask[0]=11111111011111110111111111111111, sa_flags=SA_RESTART|SA_SIGINFO
SIGQUIT: [libjvm.dylib+0x48a005], sa_mask[0]=11111111011111110111111111111111, sa_flags=SA_RESTART|SA_SIGINFO


---------------  S Y S T E M  ---------------

OS:Bsduname:Darwin 18.0.0 Darwin Kernel Version 18.0.0: Wed Aug 22 20:13:40 PDT 2018; root:xnu-4903.201.2~1/RELEASE_X86_64 x86_64
rlimit: STACK 8192k, CORE 0k, NPROC 709, NOFILE 10240, AS infinity
load average:4.25 5.41 4.27

CPU:total 4 (initial active 4) (2 cores per cpu, 2 threads per core) family 6 model 142 stepping 9, cmov, cx8, fxsr, mmx, sse, sse2, sse3, ssse3, sse4.1, sse4.2, popcnt, avx, avx2, aes, clmul, erms, rtm, 3dnowpref, lzcnt, ht, tsc, tscinvbit, bmi1, bmi2, adx

Memory: 4k page, physical 8388608k(123624k free)

/proc/meminfo:


vm_info: Java HotSpot(TM) 64-Bit Server VM (25.192-b12) for bsd-amd64 JRE (1.8.0_192-b12), built on Oct  6 2018 09:36:52 by "java_re" with gcc 4.2.1 (Based on Apple Inc. build 5658) (LLVM build 2336.11.00)

time: Sun Dec  2 15:30:20 2018
timezone: CET
elapsed time: 12 seconds (0d 0h 0m 12s)

